Starting the Flask Stock Portfolio App...
Starting the Flask Stock Portfolio App...
Calling the index() function.
2023-01-22 08:55:06,710 INFO: Starting the Flask Stock Portfolio App... [in app.py:26]
2023-01-22 08:55:06,927 INFO: Starting the Flask Stock Portfolio App... [in app.py:26]
2023-01-22 09:00:47,362 INFO: Starting the Flask Stock Portfolio App... [in app.py:31]
2023-01-22 09:00:47,580 INFO: Starting the Flask Stock Portfolio App... [in app.py:31]
2023-01-22 09:03:30,583 INFO: Starting the Flask Stock Portfolio App... [in app.py:32]
2023-01-22 09:03:30,811 INFO: Starting the Flask Stock Portfolio App... [in app.py:32]
2023-01-22 09:03:32,882 INFO: Calling the index() function. [in app.py:42]
2023-01-22 09:03:45,451 INFO: Added new stock (SBUX)! [in app.py:80]
2023-01-22 15:09:13,754 INFO: Starting the Flask Stock Portfolio App... [in app.py:22]
2023-01-22 15:09:13,989 INFO: Starting the Flask Stock Portfolio App... [in app.py:22]
2023-01-22 15:09:16,506 INFO: Calling the index() function. [in routes.py:7]
2023-01-22 15:14:15,382 INFO: Starting the Flask Stock Portfolio App... [in app.py:22]
2023-01-22 15:14:15,608 INFO: Starting the Flask Stock Portfolio App... [in app.py:22]
2023-01-22 15:14:20,236 INFO: Calling the index() function. [in routes.py:7]
2023-01-22 15:14:35,028 INFO: Calling the index() function. [in routes.py:7]
2023-01-22 15:16:36,128 INFO: Starting the Flask Stock Portfolio App... [in app.py:22]
2023-01-22 15:16:36,351 INFO: Starting the Flask Stock Portfolio App... [in app.py:22]
2023-01-22 15:16:38,823 INFO: Calling the index() function. [in routes.py:7]
2023-01-22 15:16:42,928 INFO: Calling the index() function. [in routes.py:7]
